{
  "unit_tests": {
    "suite": "unit_tests",
    "timestamp": "2025-08-14 20:58:14",
    "passed": false,
    "details": {},
    "return_code": 1,
    "stdout": "============================= test session starts ==============================\nplatform darwin -- Python 3.13.2, pytest-8.3.5, pluggy-1.5.0 -- /Users/m/miniconda/bin/python\ncachedir: .pytest_cache\nrootdir: /Users/m/ai-workspace/pacc/pacc-dev/apps/pacc-cli\nconfigfile: pytest.ini\nplugins: anyio-4.9.0, langsmith-0.3.45, asyncio-1.0.0\nasyncio: mode=Mode.STRICT, asyncio_default_fixture_loop_scope=None, asyncio_default_test_loop_scope=function\ncollecting ... collected 233 items\n\ntests/unit/test_exceptions.py::TestPACCError::test_init_minimal PASSED   [  0%]\ntests/unit/test_exceptions.py::TestPACCError::test_init_with_error_code PASSED [  0%]\ntests/unit/test_exceptions.py::TestPACCError::test_init_with_context PASSED [  1%]\ntests/unit/test_exceptions.py::TestPACCError::test_init_full PASSED      [  1%]\ntests/unit/test_exceptions.py::TestPACCError::test_str_representation PASSED [  2%]\ntests/unit/test_exceptions.py::TestPACCError::test_to_dict PASSED        [  2%]\ntests/unit/test_exceptions.py::TestPACCError::test_inheritance_from_exception PASSED [  3%]\ntests/unit/test_exceptions.py::TestPACCError::test_default_error_code_generation PASSED [  3%]\ntests/unit/test_exceptions.py::TestValidationError::test_init_minimal PASSED [  3%]\ntests/unit/test_exceptions.py::TestValidationError::test_init_with_file_path PASSED [  4%]\ntests/unit/test_exceptions.py::TestValidationError::test_init_with_line_number PASSED [  4%]\ntests/unit/test_exceptions.py::TestValidationError::test_init_with_validation_type PASSED [  5%]\ntests/unit/test_exceptions.py::TestValidationError::test_init_full PASSED [  5%]\ntests/unit/test_exceptions.py::TestValidationError::test_context_merging PASSED [  6%]\ntests/unit/test_exceptions.py::TestFileSystemError::test_init_minimal PASSED [  6%]\ntests/unit/test_exceptions.py::TestFileSystemError::test_init_with_file_path PASSED [  6%]\ntests/unit/test_exceptions.py::TestFileSystemError::test_init_with_operation PASSED [  7%]\ntests/unit/test_exceptions.py::TestFileSystemError::test_init_full PASSED [  7%]\ntests/unit/test_exceptions.py::TestConfigurationError::test_init_minimal PASSED [  8%]\ntests/unit/test_exceptions.py::TestConfigurationError::test_init_with_config_key PASSED [  8%]\ntests/unit/test_exceptions.py::TestConfigurationError::test_init_with_config_file PASSED [  9%]\ntests/unit/test_exceptions.py::TestConfigurationError::test_init_full PASSED [  9%]\ntests/unit/test_exceptions.py::TestSourceError::test_init_minimal PASSED [  9%]\ntests/unit/test_exceptions.py::TestSourceError::test_init_with_source_type PASSED [ 10%]\ntests/unit/test_exceptions.py::TestSourceError::test_init_with_source_path PASSED [ 10%]\ntests/unit/test_exceptions.py::TestSourceError::test_init_full PASSED    [ 11%]\ntests/unit/test_exceptions.py::TestNetworkError::test_init_minimal PASSED [ 11%]\ntests/unit/test_exceptions.py::TestNetworkError::test_init_with_url PASSED [ 12%]\ntests/unit/test_exceptions.py::TestNetworkError::test_init_with_status_code PASSED [ 12%]\ntests/unit/test_exceptions.py::TestNetworkError::test_init_full PASSED   [ 12%]\ntests/unit/test_exceptions.py::TestSecurityError::test_init_minimal PASSED [ 13%]\ntests/unit/test_exceptions.py::TestSecurityError::test_init_with_security_check PASSED [ 13%]\ntests/unit/test_exceptions.py::TestSecurityError::test_init_full PASSED  [ 14%]\ntests/unit/test_exceptions.py::TestErrorChaining::test_error_chaining_with_cause PASSED [ 14%]\ntests/unit/test_exceptions.py::TestErrorChaining::test_error_hierarchy PASSED [ 15%]\ntests/unit/test_exceptions.py::TestErrorChaining::test_error_serialization_consistency PASSED [ 15%]\ntests/unit/test_exceptions.py::TestErrorEdgeCases::test_empty_message PASSED [ 15%]\ntests/unit/test_exceptions.py::TestErrorEdgeCases::test_none_context_values PASSED [ 16%]\ntests/unit/test_exceptions.py::TestErrorEdgeCases::test_large_context PASSED [ 16%]\ntests/unit/test_exceptions.py::TestErrorEdgeCases::test_unicode_message PASSED [ 17%]\ntests/unit/test_exceptions.py::TestErrorEdgeCases::test_special_characters_in_paths PASSED [ 17%]\ntests/unit/test_exceptions.py::TestErrorEdgeCases::test_very_long_message PASSED [ 18%]\ntests/unit/test_exceptions.py::TestErrorEdgeCases::test_nested_context_structures PASSED [ 18%]\ntests/unit/test_exceptions.py::TestErrorPerformance::test_error_creation_performance PASSED [ 18%]\ntests/unit/test_exceptions.py::TestErrorPerformance::test_error_serialization_performance PASSED [ 19%]\ntests/unit/test_file_utils.py::TestFilePathValidator::test_init_default PASSED [ 19%]\ntests/unit/test_file_utils.py::TestFilePathValidator::test_init_with_extensions PASSED [ 20%]\ntests/unit/test_file_utils.py::TestFilePathValidator::test_is_valid_path_existing_file PASSED [ 20%]\ntests/unit/test_file_utils.py::TestFilePathValidator::test_is_valid_path_nonexistent_file PASSED [ 21%]\ntests/unit/test_file_utils.py::TestFilePathValidator::test_is_valid_path_directory_traversal PASSED [ 21%]\ntests/unit/test_file_utils.py::TestFilePathValidator::test_is_valid_path_permission_denied PASSED [ 21%]\ntests/unit/test_file_utils.py::TestFilePathValidator::test_is_valid_path_with_extension_restrictions PASSED [ 22%]\ntests/unit/test_file_utils.py::TestFilePathValidator::test_is_valid_path_directory_with_restrictions PASSED [ 22%]\ntests/unit/test_file_utils.py::TestFilePathValidator::test_is_valid_path_os_error PASSED [ 23%]\ntests/unit/test_file_utils.py::TestFilePathValidator::test_validate_extension_valid PASSED [ 23%]\ntests/unit/test_file_utils.py::TestFilePathValidator::test_validate_extension_invalid PASSED [ 24%]\ntests/unit/test_file_utils.py::TestFilePathValidator::test_validate_extension_case_insensitive PASSED [ 24%]\ntests/unit/test_file_utils.py::TestFilePathValidator::test_is_safe_directory_valid PASSED [ 24%]\ntests/unit/test_file_utils.py::TestFilePathValidator::test_is_safe_directory_nonexistent PASSED [ 25%]\ntests/unit/test_file_utils.py::TestFilePathValidator::test_is_safe_directory_file_not_dir PASSED [ 25%]\ntests/unit/test_file_utils.py::TestFilePathValidator::test_is_safe_directory_permission_denied PASSED [ 26%]\ntests/unit/test_file_utils.py::TestFilePathValidator::test_is_safe_directory_system_dirs FAILED [ 26%]\ntests/unit/test_file_utils.py::TestFilePathValidator::test_is_safe_directory_os_error PASSED [ 27%]\ntests/unit/test_file_utils.py::TestPathNormalizer::test_normalize_basic_path PASSED [ 27%]\ntests/unit/test_file_utils.py::TestPathNormalizer::test_normalize_relative_path PASSED [ 27%]\ntests/unit/test_file_utils.py::TestPathNormalizer::test_normalize_string_path PASSED [ 28%]\ntests/unit/test_file_utils.py::TestPathNormalizer::test_to_posix_unix_path PASSED [ 28%]\ntests/unit/test_file_utils.py::TestPathNormalizer::test_to_posix_windows_path FAILED [ 29%]\ntests/unit/test_file_utils.py::TestPathNormalizer::test_relative_to_valid_base PASSED [ 29%]\ntests/unit/test_file_utils.py::TestPathNormalizer::test_relative_to_invalid_base PASSED [ 30%]\ntests/unit/test_file_utils.py::TestPathNormalizer::test_ensure_directory_new PASSED [ 30%]\ntests/unit/test_file_utils.py::TestPathNormalizer::test_ensure_directory_existing PASSED [ 30%]\ntests/unit/test_file_utils.py::TestDirectoryScanner::test_init_default PASSED [ 31%]\ntests/unit/test_file_utils.py::TestDirectoryScanner::test_init_with_validator PASSED [ 31%]\ntests/unit/test_file_utils.py::TestDirectoryScanner::test_scan_directory_non_recursive PASSED [ 32%]\ntests/unit/test_file_utils.py::TestDirectoryScanner::test_scan_directory_recursive PASSED [ 32%]\ntests/unit/test_file_utils.py::TestDirectoryScanner::test_scan_directory_max_depth PASSED [ 33%]\ntests/unit/test_file_utils.py::TestDirectoryScanner::test_scan_directory_unsafe_directory PASSED [ 33%]\ntests/unit/test_file_utils.py::TestDirectoryScanner::test_scan_directory_permission_error PASSED [ 33%]\ntests/unit/test_file_utils.py::TestDirectoryScanner::test_find_files_by_extension PASSED [ 34%]\ntests/unit/test_file_utils.py::TestDirectoryScanner::test_find_files_by_extension_non_recursive PASSED [ 34%]\ntests/unit/test_file_utils.py::TestDirectoryScanner::test_find_files_multiple_extensions PASSED [ 35%]\ntests/unit/test_file_utils.py::TestDirectoryScanner::test_get_directory_stats PASSED [ 35%]\ntests/unit/test_file_utils.py::TestDirectoryScanner::test_get_directory_stats_unsafe_directory PASSED [ 36%]\ntests/unit/test_file_utils.py::TestDirectoryScanner::test_get_directory_stats_permission_error PASSED [ 36%]\ntests/unit/test_file_utils.py::TestFileFilter::test_init PASSED          [ 36%]\ntests/unit/test_file_utils.py::TestFileFilter::test_add_extension_filter PASSED [ 37%]\ntests/unit/test_file_utils.py::TestFileFilter::test_add_pattern_filter PASSED [ 37%]\ntests/unit/test_file_utils.py::TestFileFilter::test_add_size_filter PASSED [ 38%]\ntests/unit/test_file_utils.py::TestFileFilter::test_add_size_filter_no_max PASSED [ 38%]\ntests/unit/test_file_utils.py::TestFileFilter::test_add_size_filter_os_error PASSED [ 39%]\ntests/unit/test_file_utils.py::TestFileFilter::test_add_exclude_hidden_unix PASSED [ 39%]\ntests/unit/test_file_utils.py::TestFileFilter::test_add_exclude_hidden_windows SKIPPED [ 39%]\ntests/unit/test_file_utils.py::TestFileFilter::test_filter_files_no_filters PASSED [ 40%]\ntests/unit/test_file_utils.py::TestFileFilter::test_filter_files_with_filters PASSED [ 40%]\ntests/unit/test_file_utils.py::TestFileFilter::test_clear_filters PASSED [ 41%]\ntests/unit/test_file_utils.py::TestFileFilter::test_method_chaining PASSED [ 41%]\ntests/unit/test_file_utils.py::TestFileUtilsIntegration::test_validator_and_scanner_integration PASSED [ 42%]\ntests/unit/test_file_utils.py::TestFileUtilsIntegration::test_scanner_and_filter_integration PASSED [ 42%]\ntests/unit/test_file_utils.py::TestFileUtilsIntegration::test_full_pipeline_integration PASSED [ 42%]\ntests/unit/test_file_utils.py::TestFileUtilsPerformance::test_scanner_performance_large_directory PASSED [ 43%]\ntests/unit/test_file_utils.py::TestFileUtilsPerformance::test_filter_performance_large_file_list PASSED [ 43%]\ntests/unit/test_git_sources.py::TestGitUrlParser::test_bitbucket_url_parsing PASSED [ 44%]\ntests/unit/test_git_sources.py::TestGitUrlParser::test_github_https_url_parsing PASSED [ 44%]\ntests/unit/test_git_sources.py::TestGitUrlParser::test_github_ssh_url_parsing PASSED [ 45%]\ntests/unit/test_git_sources.py::TestGitUrlParser::test_gitlab_url_parsing PASSED [ 45%]\ntests/unit/test_git_sources.py::TestGitUrlParser::test_invalid_url PASSED [ 45%]\ntests/unit/test_git_sources.py::TestGitUrlParser::test_normalize_github_url PASSED [ 46%]\ntests/unit/test_git_sources.py::TestGitUrlParser::test_unsupported_provider PASSED [ 46%]\ntests/unit/test_git_sources.py::TestGitUrlParser::test_url_with_branch PASSED [ 47%]\ntests/unit/test_git_sources.py::TestGitUrlParser::test_url_with_commit PASSED [ 47%]\ntests/unit/test_git_sources.py::TestGitUrlParser::test_url_with_subdirectory PASSED [ 48%]\ntests/unit/test_git_sources.py::TestGitUrlParser::test_url_with_tag PASSED [ 48%]\ntests/unit/test_git_sources.py::TestGitUrlParser::test_validate_github_url PASSED [ 48%]\ntests/unit/test_git_sources.py::TestGitCloner::test_cleanup_clone PASSED [ 49%]\ntests/unit/test_git_sources.py::TestGitCloner::test_clone_failure PASSED [ 49%]\ntests/unit/test_git_sources.py::TestGitCloner::test_clone_public_repository PASSED [ 50%]\ntests/unit/test_git_sources.py::TestGitCloner::test_clone_with_branch PASSED [ 50%]\ntests/unit/test_git_sources.py::TestGitCloner::test_clone_with_credentials PASSED [ 51%]\ntests/unit/test_git_sources.py::TestGitCloner::test_shallow_clone PASSED [ 51%]\ntests/unit/test_git_sources.py::TestGitRepositorySource::test_cleanup PASSED [ 51%]\ntests/unit/test_git_sources.py::TestGitRepositorySource::test_extract_extension PASSED [ 52%]\ntests/unit/test_git_sources.py::TestGitRepositorySource::test_repository_metadata PASSED [ 52%]\ntests/unit/test_git_sources.py::TestGitRepositorySource::test_scan_extensions PASSED [ 53%]\ntests/unit/test_git_sources.py::TestGitRepositorySource::test_scan_with_subdirectory PASSED [ 53%]\ntests/unit/test_git_sources.py::TestGitSourceHandler::test_can_handle_bitbucket_url PASSED [ 54%]\ntests/unit/test_git_sources.py::TestGitSourceHandler::test_can_handle_github_url PASSED [ 54%]\ntests/unit/test_git_sources.py::TestGitSourceHandler::test_can_handle_gitlab_url PASSED [ 54%]\ntests/unit/test_git_sources.py::TestGitSourceHandler::test_get_source_info PASSED [ 55%]\ntests/unit/test_git_sources.py::TestGitSourceHandler::test_process_source PASSED [ 55%]\ntests/unit/test_git_sources.py::TestGitSourceHandler::test_process_source_with_filters PASSED [ 56%]\ntests/unit/test_url_downloader.py::TestURLValidator::test_valid_https_url PASSED [ 56%]\ntests/unit/test_url_downloader.py::TestURLValidator::test_valid_http_url PASSED [ 57%]\ntests/unit/test_url_downloader.py::TestURLValidator::test_invalid_urls PASSED [ 57%]\ntests/unit/test_url_downloader.py::TestURLValidator::test_url_size_validation PASSED [ 57%]\ntests/unit/test_url_downloader.py::TestURLValidator::test_blocked_domains PASSED [ 58%]\ntests/unit/test_url_downloader.py::TestURLValidator::test_allowed_domains_only PASSED [ 58%]\ntests/unit/test_url_downloader.py::TestDownloadProgress::test_progress_initialization PASSED [ 59%]\ntests/unit/test_url_downloader.py::TestDownloadProgress::test_progress_updates PASSED [ 59%]\ntests/unit/test_url_downloader.py::TestDownloadProgress::test_progress_completion PASSED [ 60%]\ntests/unit/test_url_downloader.py::TestURLDownloader::test_download_small_file PASSED [ 60%]\ntests/unit/test_url_downloader.py::TestURLDownloader::test_download_size_limit_exceeded FAILED [ 60%]\ntests/unit/test_url_downloader.py::TestURLDownloader::test_download_with_progress_callback FAILED [ 61%]\ntests/unit/test_url_downloader.py::TestURLDownloader::test_extract_zip_archive PASSED [ 61%]\ntests/unit/test_url_downloader.py::TestURLDownloader::test_extract_tar_gz_archive FAILED [ 62%]\ntests/unit/test_url_downloader.py::TestURLDownloader::test_extract_unsupported_format PASSED [ 62%]\ntests/unit/test_url_downloader.py::TestURLDownloader::test_security_scan_malicious_content PASSED [ 63%]\ntests/unit/test_url_downloader.py::TestURLDownloader::test_security_scan_safe_content PASSED [ 63%]\ntests/unit/test_url_downloader.py::TestURLDownloader::test_full_url_installation_workflow FAILED [ 63%]\ntests/unit/test_url_downloader.py::TestURLDownloader::test_url_caching FAILED [ 64%]\ntests/unit/test_url_downloader.py::TestURLDownloader::test_download_with_redirects FAILED [ 64%]\ntests/unit/test_url_functionality.py::TestURLValidator::test_valid_https_url PASSED [ 65%]\ntests/unit/test_url_functionality.py::TestURLValidator::test_valid_http_url PASSED [ 65%]\ntests/unit/test_url_functionality.py::TestURLValidator::test_invalid_urls PASSED [ 66%]\ntests/unit/test_url_functionality.py::TestURLValidator::test_url_size_validation PASSED [ 66%]\ntests/unit/test_url_functionality.py::TestURLValidator::test_blocked_domains PASSED [ 66%]\ntests/unit/test_url_functionality.py::TestURLValidator::test_allowed_domains_only PASSED [ 67%]\ntests/unit/test_url_functionality.py::TestURLValidator::test_safe_filename_extraction PASSED [ 67%]\ntests/unit/test_url_functionality.py::TestArchiveExtraction::test_zip_archive_creation_and_validation PASSED [ 68%]\ntests/unit/test_url_functionality.py::TestCLIURLIntegration::test_url_detection PASSED [ 68%]\ntests/unit/test_url_functionality.py::TestCLIURLIntegration::test_url_install_command_parsing PASSED [ 69%]\ntests/unit/test_url_functionality.py::TestCLIURLIntegration::test_url_install_without_dependencies PASSED [ 69%]\ntests/unit/test_url_functionality.py::TestSecurityFeatures::test_malicious_path_detection PASSED [ 69%]\ntests/unit/test_url_functionality.py::TestSecurityFeatures::test_security_checks PASSED [ 70%]\ntests/unit/test_url_functionality.py::TestProgressDisplay::test_progress_display_creation PASSED [ 70%]\ntests/unit/test_url_functionality.py::TestProgressDisplay::test_byte_formatting PASSED [ 71%]\ntests/unit/test_url_functionality.py::TestProgressDisplay::test_time_formatting PASSED [ 71%]\ntests/unit/test_url_functionality.py::test_url_downloader_imports PASSED [ 72%]\ntests/unit/test_url_source_handler.py::TestURLSourceHandler::test_can_handle_valid_urls PASSED [ 72%]\ntests/unit/test_url_source_handler.py::TestURLSourceHandler::test_get_source_info PASSED [ 72%]\ntests/unit/test_url_source_handler.py::TestURLSourceHandler::test_source_info_non_archive PASSED [ 73%]\ntests/unit/test_url_source_handler.py::TestURLSourceHandler::test_validate_url PASSED [ 73%]\ntests/unit/test_url_source_handler.py::TestURLSourceHandler::test_download_async PASSED [ 74%]\ntests/unit/test_url_source_handler.py::TestURLSourceHandler::test_process_source_unavailable PASSED [ 74%]\ntests/unit/test_url_source_handler.py::TestURLSourceHandler::test_process_source_invalid_url PASSED [ 75%]\ntests/unit/test_url_source_handler.py::TestURLSource::test_url_source_creation PASSED [ 75%]\ntests/unit/test_url_source_handler.py::TestUtilityFunctions::test_is_url_function PASSED [ 75%]\ntests/unit/test_url_source_handler.py::TestUtilityFunctions::test_extract_filename_from_url PASSED [ 76%]\ntests/unit/test_url_source_handler.py::TestURLSourceHandlerCreation::test_handler_with_custom_settings PASSED [ 76%]\ntests/unit/test_url_source_handler.py::TestURLSourceHandlerCreation::test_factory_function PASSED [ 77%]\ntests/unit/test_url_source_handler.py::TestURLSourceHandlerIntegration::test_handler_available_property PASSED [ 77%]\ntests/unit/test_url_source_handler.py::TestURLSourceHandlerIntegration::test_handler_with_missing_dependencies PASSED [ 78%]\ntests/unit/test_url_source_handler.py::TestURLSourceHandlerIntegration::test_source_info_when_unavailable PASSED [ 78%]\ntests/unit/test_url_source_handler.py::TestErrorHandling::test_invalid_url_handling PASSED [ 78%]\ntests/unit/test_url_source_handler.py::TestErrorHandling::test_source_error_propagation PASSED [ 79%]\ntests/unit/test_url_source_handler.py::TestURLSourceHandlerIntegrationWithDownloader::test_handler_uses_downloader_correctly PASSED [ 79%]\ntests/unit/test_url_source_handler.py::TestURLSourceHandlerIntegrationWithDownloader::test_handler_with_cache_configuration PASSED [ 80%]\ntests/unit/test_validators.py::TestValidationError::test_init_minimal PASSED [ 80%]\ntests/unit/test_validators.py::TestValidationError::test_init_full PASSED [ 81%]\ntests/unit/test_validators.py::TestValidationError::test_str_minimal PASSED [ 81%]\ntests/unit/test_validators.py::TestValidationError::test_str_with_file PASSED [ 81%]\ntests/unit/test_validators.py::TestValidationError::test_str_with_line_number PASSED [ 82%]\ntests/unit/test_validators.py::TestValidationError::test_str_with_suggestion PASSED [ 82%]\ntests/unit/test_validators.py::TestValidationError::test_str_severity_cases PASSED [ 83%]\ntests/unit/test_validators.py::TestValidationResult::test_init_minimal PASSED [ 83%]\ntests/unit/test_validators.py::TestValidationResult::test_init_full PASSED [ 84%]\ntests/unit/test_validators.py::TestValidationResult::test_add_error PASSED [ 84%]\ntests/unit/test_validators.py::TestValidationResult::test_add_error_override_file_path PASSED [ 84%]\ntests/unit/test_validators.py::TestValidationResult::test_add_warning PASSED [ 85%]\ntests/unit/test_validators.py::TestValidationResult::test_add_info PASSED [ 85%]\ntests/unit/test_validators.py::TestValidationResult::test_all_issues_property PASSED [ 86%]\ntests/unit/test_validators.py::TestValidationResult::test_merge_results PASSED [ 86%]\ntests/unit/test_validators.py::TestValidationResult::test_merge_valid_results PASSED [ 87%]\ntests/unit/test_validators.py::TestBaseValidator::test_init_default PASSED [ 87%]\ntests/unit/test_validators.py::TestBaseValidator::test_init_custom_size PASSED [ 87%]\ntests/unit/test_validators.py::TestBaseValidator::test_validate_batch_success PASSED [ 88%]\ntests/unit/test_validators.py::TestBaseValidator::test_validate_batch_with_exception PASSED [ 88%]\ntests/unit/test_validators.py::TestBaseValidator::test_validate_directory_not_exists PASSED [ 89%]\ntests/unit/test_validators.py::TestBaseValidator::test_validate_directory_not_a_directory PASSED [ 89%]\ntests/unit/test_validators.py::TestBaseValidator::test_validate_directory_no_extensions PASSED [ 90%]\ntests/unit/test_validators.py::TestBaseValidator::test_validate_directory_success PASSED [ 90%]\ntests/unit/test_validators.py::TestBaseValidator::test_validate_file_accessibility_not_exists PASSED [ 90%]\ntests/unit/test_validators.py::TestBaseValidator::test_validate_file_accessibility_not_a_file PASSED [ 91%]\ntests/unit/test_validators.py::TestBaseValidator::test_validate_file_accessibility_too_large PASSED [ 91%]\ntests/unit/test_validators.py::TestBaseValidator::test_validate_file_accessibility_os_error FAILED [ 92%]\ntests/unit/test_validators.py::TestBaseValidator::test_validate_file_accessibility_success PASSED [ 92%]\ntests/unit/test_validators.py::TestBaseValidator::test_validate_json_syntax_valid PASSED [ 93%]\ntests/unit/test_validators.py::TestBaseValidator::test_validate_json_syntax_invalid PASSED [ 93%]\ntests/unit/test_validators.py::TestBaseValidator::test_validate_json_syntax_encoding_error PASSED [ 93%]\ntests/unit/test_validators.py::TestBaseValidator::test_validate_json_syntax_file_read_error PASSED [ 94%]\ntests/unit/test_validators.py::TestBaseValidator::test_validate_required_fields_all_present PASSED [ 94%]\ntests/unit/test_validators.py::TestBaseValidator::test_validate_required_fields_missing PASSED [ 95%]\ntests/unit/test_validators.py::TestBaseValidator::test_validate_required_fields_null_values PASSED [ 95%]\ntests/unit/test_validators.py::TestBaseValidator::test_validate_field_type_valid PASSED [ 96%]\ntests/unit/test_validators.py::TestBaseValidator::test_validate_field_type_invalid PASSED [ 96%]\ntests/unit/test_validators.py::TestBaseValidator::test_validate_field_type_missing_required PASSED [ 96%]\ntests/unit/test_validators.py::TestBaseValidator::test_validate_field_type_missing_optional PASSED [ 97%]\ntests/unit/test_validators.py::TestBaseValidator::test_validate_field_type_null_optional PASSED [ 97%]\ntests/unit/test_validators.py::TestValidationIntegration::test_complete_validation_flow PASSED [ 98%]\ntests/unit/test_validators.py::TestValidationIntegration::test_error_accumulation FAILED [ 98%]\ntests/unit/test_validators.py::TestValidationEdgeCases::test_empty_validation_result PASSED [ 99%]\ntests/unit/test_validators.py::TestValidationEdgeCases::test_validation_error_edge_cases PASSED [ 99%]\ntests/unit/test_validators.py::TestValidationEdgeCases::test_validation_result_edge_cases PASSED [100%]\n\n=================================== FAILURES ===================================\n___________ TestFilePathValidator.test_is_safe_directory_system_dirs ___________\ntests/unit/test_file_utils.py:168: in test_is_safe_directory_system_dirs\n    assert validator.is_safe_directory(sys_dir) is False\nE   AssertionError: assert True is False\nE    +  where True = is_safe_directory('/etc')\nE    +    where is_safe_directory = <pacc.core.file_utils.FilePathValidator object at 0x10ffd01d0>.is_safe_directory\n________________ TestPathNormalizer.test_to_posix_windows_path _________________\ntests/unit/test_file_utils.py:216: in test_to_posix_windows_path\n    assert \"/\" in posix_path\nE   AssertionError: assert '/' in 'C:\\\\Users\\\\user\\\\file.txt'\n_____________ TestURLDownloader.test_download_size_limit_exceeded ______________\ntests/unit/test_url_downloader.py:188: in test_download_size_limit_exceeded\n    with pytest.raises(DownloadSizeExceededException):\nE   Failed: DID NOT RAISE <class 'pacc.core.url_downloader.DownloadSizeExceededException'>\n____________ TestURLDownloader.test_download_with_progress_callback ____________\ntests/unit/test_url_downloader.py:225: in test_download_with_progress_callback\n    assert result.success\nE   assert False\nE    +  where False = DownloadResult(success=False, downloaded_path=None, extracted_path=None, url='https://example.com/test.txt', file_size=0, content_type=None, from_cache=False, error_message=\"HTTP <AsyncMock name='ClientSession().__aenter__().get().status' id='4570751264'>: <AsyncMock name='ClientSession().__aenter__().get().reason' id='4571706240'>\").success\n________________ TestURLDownloader.test_extract_tar_gz_archive _________________\ntests/unit/test_url_downloader.py:261: in test_extract_tar_gz_archive\n    tf.addfile(file1_info, fileobj=tempfile.BytesIO(file1_data))\nE   AttributeError: module 'tempfile' has no attribute 'BytesIO'\n____________ TestURLDownloader.test_full_url_installation_workflow _____________\ntests/unit/test_url_downloader.py:351: in test_full_url_installation_workflow\n    assert result.success\nE   assert False\nE    +  where False = DownloadResult(success=False, downloaded_path=None, extracted_path=None, url='https://github.com/user/extension.zip', file_size=0, content_type=None, from_cache=False, error_message=\"HTTP <AsyncMock name='ClientSession().__aenter__().get().status' id='4571695824'>: <AsyncMock name='ClientSession().__aenter__().get().reason' id='4564207328'>\").success\n______________________ TestURLDownloader.test_url_caching ______________________\ntests/unit/test_url_downloader.py:394: in test_url_caching\n    assert result1.success\nE   assert False\nE    +  where False = DownloadResult(success=False, downloaded_path=None, extracted_path=None, url='https://example.com/cached.zip', file_size=0, content_type=None, from_cache=False, error_message=\"HTTP <AsyncMock name='ClientSession().__aenter__().get().status' id='4569843424'>: <AsyncMock name='ClientSession().__aenter__().get().reason' id='4569845104'>\").success\n________________ TestURLDownloader.test_download_with_redirects ________________\ntests/unit/test_url_downloader.py:435: in test_download_with_redirects\n    assert result.success\nE   assert False\nE    +  where False = DownloadResult(success=False, downloaded_path=None, extracted_path=None, url='https://example.com/redirect.zip', file_size=0, content_type=None, from_cache=False, error_message=\"HTTP <AsyncMock name='ClientSession().__aenter__().get().status' id='4570071792'>: <AsyncMock name='ClientSession().__aenter__().get().reason' id='4570073472'>\").success\n_________ TestBaseValidator.test_validate_file_accessibility_os_error __________\ntests/unit/test_validators.py:405: in test_validate_file_accessibility_os_error\n    error = mock_validator._validate_file_accessibility(test_file)\npacc/validators/base.py:192: in _validate_file_accessibility\n    if not file_path.exists():\n/Users/m/miniconda/lib/python3.13/pathlib/_abc.py:450: in exists\n    self.stat(follow_symlinks=follow_symlinks)\n/Users/m/miniconda/lib/python3.13/unittest/mock.py:1167: in __call__\n    return self._mock_call(*args, **kwargs)\n/Users/m/miniconda/lib/python3.13/unittest/mock.py:1171: in _mock_call\n    return self._execute_mock_call(*args, **kwargs)\n/Users/m/miniconda/lib/python3.13/unittest/mock.py:1226: in _execute_mock_call\n    raise effect\nE   OSError: Test OS error\n______________ TestValidationIntegration.test_error_accumulation _______________\ntests/unit/test_validators.py:633: in test_error_accumulation\n    assert total_errors == 1  # Only error_file should have errors\nE   assert 4 == 1\n=============================== warnings summary ===============================\ntests/unit/test_exceptions.py:497\n  /Users/m/ai-workspace/pacc/pacc-dev/apps/pacc-cli/tests/unit/test_exceptions.py:497: PytestUnknownMarkWarning: Unknown pytest.mark.performance - is this a typo?  You can register custom marks to avoid this warning - for details, see https://docs.pytest.org/en/stable/how-to/mark.html\n    @pytest.mark.performance\n\ntests/unit/test_file_utils.py:636\n  /Users/m/ai-workspace/pacc/pacc-dev/apps/pacc-cli/tests/unit/test_file_utils.py:636: PytestUnknownMarkWarning: Unknown pytest.mark.performance - is this a typo?  You can register custom marks to avoid this warning - for details, see https://docs.pytest.org/en/stable/how-to/mark.html\n    @pytest.mark.performance\n\ntests/unit/test_url_source_handler.py:247\n  /Users/m/ai-workspace/pacc/pacc-dev/apps/pacc-cli/tests/unit/test_url_source_handler.py:247: PytestUnknownMarkWarning: Unknown pytest.mark.integration - is this a typo?  You can register custom marks to avoid this warning - for details, see https://docs.pytest.org/en/stable/how-to/mark.html\n    @pytest.mark.integration\n\n-- Docs: https://docs.pytest.org/en/stable/how-to/capture-warnings.html\n=========================== short test summary info ============================\nFAILED tests/unit/test_file_utils.py::TestFilePathValidator::test_is_safe_directory_system_dirs\nFAILED tests/unit/test_file_utils.py::TestPathNormalizer::test_to_posix_windows_path\nFAILED tests/unit/test_url_downloader.py::TestURLDownloader::test_download_size_limit_exceeded\nFAILED tests/unit/test_url_downloader.py::TestURLDownloader::test_download_with_progress_callback\nFAILED tests/unit/test_url_downloader.py::TestURLDownloader::test_extract_tar_gz_archive\nFAILED tests/unit/test_url_downloader.py::TestURLDownloader::test_full_url_installation_workflow\nFAILED tests/unit/test_url_downloader.py::TestURLDownloader::test_url_caching\nFAILED tests/unit/test_url_downloader.py::TestURLDownloader::test_download_with_redirects\nFAILED tests/unit/test_validators.py::TestBaseValidator::test_validate_file_accessibility_os_error\nFAILED tests/unit/test_validators.py::TestValidationIntegration::test_error_accumulation\n============ 10 failed, 222 passed, 1 skipped, 3 warnings in 2.00s =============\n",
    "stderr": "/Users/m/miniconda/lib/python3.13/site-packages/pytest_asyncio/plugin.py:208: PytestDeprecationWarning: The configuration option \"asyncio_default_fixture_loop_scope\" is unset.\nThe event loop scope for asynchronous fixtures will default to the fixture caching scope. Future versions of pytest-asyncio will default the loop scope for asynchronous fixtures to function scope. Set the default fixture loop scope explicitly in order to avoid unexpected behavior in the future. Valid fixture loop scopes are: \"function\", \"class\", \"module\", \"package\", \"session\"\n\n  warnings.warn(PytestDeprecationWarning(_DEFAULT_FIXTURE_LOOP_SCOPE_UNSET))\n"
  },
  "integration_tests": {
    "suite": "integration_tests",
    "timestamp": "2025-08-14 20:58:17",
    "passed": false,
    "details": {},
    "return_code": 1,
    "stdout": "============================= test session starts ==============================\nplatform darwin -- Python 3.13.2, pytest-8.3.5, pluggy-1.5.0 -- /Users/m/miniconda/bin/python\ncachedir: .pytest_cache\nrootdir: /Users/m/ai-workspace/pacc/pacc-dev/apps/pacc-cli\nconfigfile: pytest.ini\nplugins: anyio-4.9.0, langsmith-0.3.45, asyncio-1.0.0\nasyncio: mode=Mode.STRICT, asyncio_default_fixture_loop_scope=None, asyncio_default_test_loop_scope=function\ncollecting ... collected 65 items\n\ntests/integration/test_git_integration.py::TestGitIntegration::test_extension_scanning_from_git_repo PASSED [  1%]\ntests/integration/test_git_integration.py::TestGitIntegration::test_git_authentication_handling PASSED [  3%]\ntests/integration/test_git_integration.py::TestGitIntegration::test_git_branch_checkout PASSED [  4%]\ntests/integration/test_git_integration.py::TestGitIntegration::test_git_clone_command_construction PASSED [  6%]\ntests/integration/test_git_integration.py::TestGitIntegration::test_git_error_handling PASSED [  7%]\ntests/integration/test_git_integration.py::TestGitIntegration::test_git_repository_metadata_extraction PASSED [  9%]\ntests/integration/test_git_integration.py::TestGitIntegration::test_git_shallow_clone PASSED [ 10%]\ntests/integration/test_git_integration.py::TestGitIntegration::test_git_source_detection PASSED [ 12%]\ntests/integration/test_git_integration.py::TestGitIntegration::test_git_subpath_handling PASSED [ 13%]\ntests/integration/test_git_integration.py::TestGitIntegration::test_git_url_normalization PASSED [ 15%]\ntests/integration/test_git_integration.py::TestGitCLIIntegration::test_git_url_in_info_command PASSED [ 16%]\ntests/integration/test_git_integration.py::TestGitCLIIntegration::test_install_from_git_url PASSED [ 18%]\ntests/integration/test_git_integration.py::TestGitCLIIntegration::test_validate_git_source PASSED [ 20%]\ntests/integration/test_info_command_integration.py::TestInfoCommandIntegration::test_info_command_file_integration PASSED [ 21%]\ntests/integration/test_info_command_integration.py::TestInfoCommandIntegration::test_info_command_verbose_integration PASSED [ 23%]\ntests/integration/test_info_command_integration.py::TestInfoCommandIntegration::test_info_command_json_integration PASSED [ 24%]\ntests/integration/test_info_command_integration.py::TestInfoCommandIntegration::test_info_command_type_filter_integration PASSED [ 26%]\ntests/integration/test_info_command_integration.py::TestInfoCommandIntegration::test_info_command_nonexistent_file_integration PASSED [ 27%]\ntests/integration/test_info_command_integration.py::TestInfoCommandIntegration::test_info_command_help_integration PASSED [ 29%]\ntests/integration/test_info_command_integration.py::TestInfoCommandIntegration::test_info_command_with_usage_examples_integration PASSED [ 30%]\ntests/integration/test_info_command_integration.py::TestInfoCommandIntegration::test_info_command_with_troubleshooting_integration PASSED [ 32%]\ntests/integration/test_list_command_integration.py::TestListCommandIntegration::test_list_command_basic PASSED [ 33%]\ntests/integration/test_list_command_integration.py::TestListCommandIntegration::test_list_command_json_format FAILED [ 35%]\ntests/integration/test_list_command_integration.py::TestListCommandIntegration::test_list_command_filter_by_type PASSED [ 36%]\ntests/integration/test_list_command_integration.py::TestListCommandIntegration::test_list_command_filter_pattern PASSED [ 38%]\ntests/integration/test_list_command_integration.py::TestListCommandIntegration::test_list_command_search PASSED [ 40%]\ntests/integration/test_list_command_integration.py::TestListCommandIntegration::test_list_command_verbose PASSED [ 41%]\ntests/integration/test_list_command_integration.py::TestListCommandIntegration::test_list_command_empty_config PASSED [ 43%]\ntests/integration/test_list_command_integration.py::TestListCommandIntegration::test_list_command_no_config PASSED [ 44%]\ntests/integration/test_url_e2e.py::TestURLInstallationE2E::test_url_install_hooks_extension PASSED [ 46%]\ntests/integration/test_url_e2e.py::TestURLInstallationE2E::test_url_source_handler_integration PASSED [ 47%]\ntests/integration/test_url_e2e.py::TestURLInstallationE2E::test_url_vs_git_routing PASSED [ 49%]\ntests/integration/test_url_e2e.py::TestURLInstallationE2E::test_url_source_info_extraction PASSED [ 50%]\ntests/integration/test_url_e2e.py::TestURLInstallationE2E::test_url_error_handling PASSED [ 52%]\ntests/integration/test_url_e2e.py::TestURLInstallationE2E::test_url_security_validation PASSED [ 53%]\ntests/integration/test_url_e2e.py::TestURLInstallationFeatures::test_archive_format_support PASSED [ 55%]\ntests/integration/test_url_e2e.py::TestURLInstallationFeatures::test_progress_display_functionality PASSED [ 56%]\ntests/integration/test_url_e2e.py::TestURLInstallationFeatures::test_url_caching_configuration PASSED [ 58%]\ntests/integration/test_url_e2e.py::TestURLInstallationWithDependencies::test_url_handler_availability PASSED [ 60%]\ntests/integration/test_url_e2e.py::TestURLInstallationWithDependencies::test_url_downloader_configuration PASSED [ 61%]\ntests/integration/test_url_integration.py::TestURLInstallationIntegration::test_url_detection_and_routing PASSED [ 63%]\ntests/integration/test_url_integration.py::TestURLInstallationIntegration::test_local_path_fallback PASSED [ 64%]\ntests/integration/test_url_integration.py::TestURLInstallationIntegration::test_dry_run_url_install PASSED [ 66%]\ntests/integration/test_url_integration.py::TestURLInstallationIntegration::test_url_install_without_dependencies PASSED [ 67%]\ntests/integration/test_url_integration.py::TestURLInstallationIntegration::test_command_line_parsing PASSED [ 69%]\ntests/integration/test_url_integration.py::TestURLInstallationIntegration::test_install_command_routing PASSED [ 70%]\ntests/integration/test_url_integration.py::TestURLInstallationIntegration::test_url_download_workflow_structure PASSED [ 72%]\ntests/integration/test_url_integration.py::TestURLInstallationIntegration::test_error_handling PASSED [ 73%]\ntests/integration/test_url_integration.py::TestURLInstallationIntegration::test_security_considerations PASSED [ 75%]\ntests/integration/test_url_integration.py::TestFeatureCompleteness::test_url_download_functionality PASSED [ 76%]\ntests/integration/test_url_integration.py::TestFeatureCompleteness::test_archive_format_support PASSED [ 78%]\ntests/integration/test_url_integration.py::TestFeatureCompleteness::test_security_scanning PASSED [ 80%]\ntests/integration/test_url_integration.py::TestFeatureCompleteness::test_progress_indicators PASSED [ 81%]\ntests/integration/test_url_integration.py::TestFeatureCompleteness::test_cli_integration PASSED [ 83%]\ntests/integration/test_url_integration.py::TestFeatureCompleteness::test_url_metadata_tracking PASSED [ 84%]\ntests/integration/test_validation_workflows.py::TestValidationWorkflows::test_complete_directory_validation_workflow PASSED [ 86%]\ntests/integration/test_validation_workflows.py::TestValidationWorkflows::test_error_handling_workflow PASSED [ 87%]\ntests/integration/test_validation_workflows.py::TestValidationWorkflows::test_large_directory_workflow FAILED [ 89%]\ntests/integration/test_validation_workflows.py::TestValidationWorkflows::test_cross_platform_path_workflow PASSED [ 90%]\ntests/integration/test_validation_workflows.py::TestValidationPipeline::test_hook_validation_pipeline PASSED [ 92%]\ntests/integration/test_validation_workflows.py::TestValidationPipeline::test_validation_pipeline_with_filtering PASSED [ 93%]\ntests/integration/test_validation_workflows.py::TestValidationPipeline::test_batch_validation_error_isolation PASSED [ 95%]\ntests/integration/test_validation_workflows.py::TestErrorRecoveryWorkflows::test_partial_directory_access_failure PASSED [ 96%]\ntests/integration/test_validation_workflows.py::TestErrorRecoveryWorkflows::test_validation_with_corrupted_files PASSED [ 98%]\ntests/integration/test_validation_workflows.py::TestErrorRecoveryWorkflows::test_workflow_memory_management PASSED [100%]\n\n=================================== FAILURES ===================================\n___________ TestListCommandIntegration.test_list_command_json_format ___________\n/Users/m/ai-workspace/pacc/pacc-dev/apps/pacc-cli/tests/integration/test_list_command_integration.py:117: in test_list_command_json_format\n    assert \"extensions\" in data\nE   AssertionError: assert 'extensions' in {'data': {'count': 4, 'extensions': [{'aliases': ['/t'], 'description': 'Run tests', 'installed_at': '2024-01-17T15:00:00Z', 'name': '/test', ...}, {'command': 'python mcps/code-server.py', 'description': 'Code analysis server', 'installed_at': '2024-01-16T11:00:00Z', 'name': 'code-server', ...}, {'description': 'Code review assistant', 'installed_at': '2024-01-14T09:00:00Z', 'model': 'claude-3-sonnet', 'name': 'reviewer', ...}, {'description': 'Test file creation hook', 'events': ['file:created'], 'installed_at': '2024-01-15T10:00:00Z', 'name': 'test-hook', ...}], 'filter_applied': False, 'scope': 'all'}, 'message': 'Found 4 extension(s)', 'success': True}\n____________ TestValidationWorkflows.test_large_directory_workflow _____________\ntests/integration/test_validation_workflows.py:112: in test_large_directory_workflow\n    assert len(discovered_files) > 1000  # Should find many files\nE   AssertionError: assert 300 > 1000\nE    +  where 300 = len([PosixPath('/var/folders/_h/hhftwny95zlbt3ggmcpg2hrw0000gp/T/tmpevphdg32/performance_test/file_0010.yaml'), PosixPath('/var/folders/_h/hhftwny95zlbt3ggmcpg2hrw0000gp/T/tmpevphdg32/performance_test/file_0047.yaml'), PosixPath('/var/folders/_h/hhftwny95zlbt3ggmcpg2hrw0000gp/T/tmpevphdg32/performance_test/file_0051.yaml'), PosixPath('/var/folders/_h/hhftwny95zlbt3ggmcpg2hrw0000gp/T/tmpevphdg32/performance_test/file_0006.yaml'), PosixPath('/var/folders/_h/hhftwny95zlbt3ggmcpg2hrw0000gp/T/tmpevphdg32/performance_test/file_0070.json'), PosixPath('/var/folders/_h/hhftwny95zlbt3ggmcpg2hrw0000gp/T/tmpevphdg32/performance_test/file_0092.yaml'), ...])\n=============================== warnings summary ===============================\ntests/integration/test_validation_workflows.py::TestErrorRecoveryWorkflows::test_workflow_memory_management\n  /Users/m/ai-workspace/pacc/pacc-dev/apps/pacc-cli/tests/integration/test_validation_workflows.py:523: RuntimeWarning: coroutine 'URLDownloader.install_from_url' was never awaited\n    gc.collect()\n  Enable tracemalloc to get traceback where the object was allocated.\n  See https://docs.pytest.org/en/stable/how-to/capture-warnings.html#resource-warnings for more info.\n\n-- Docs: https://docs.pytest.org/en/stable/how-to/capture-warnings.html\n=========================== short test summary info ============================\nFAILED tests/integration/test_list_command_integration.py::TestListCommandIntegration::test_list_command_json_format\nFAILED tests/integration/test_validation_workflows.py::TestValidationWorkflows::test_large_directory_workflow\n=================== 2 failed, 63 passed, 1 warning in 4.19s ====================\n",
    "stderr": "/Users/m/miniconda/lib/python3.13/site-packages/pytest_asyncio/plugin.py:208: PytestDeprecationWarning: The configuration option \"asyncio_default_fixture_loop_scope\" is unset.\nThe event loop scope for asynchronous fixtures will default to the fixture caching scope. Future versions of pytest-asyncio will default the loop scope for asynchronous fixtures to function scope. Set the default fixture loop scope explicitly in order to avoid unexpected behavior in the future. Valid fixture loop scopes are: \"function\", \"class\", \"module\", \"package\", \"session\"\n\n  warnings.warn(PytestDeprecationWarning(_DEFAULT_FIXTURE_LOOP_SCOPE_UNSET))\n"
  },
  "build_tests": {
    "suite": "build_tests",
    "timestamp": "2025-08-14 20:58:22",
    "passed": true,
    "details": {},
    "build_return_code": 0,
    "build_stdout": "* Creating isolated environment: venv+pip...\n* Installing packages in isolated environment:\n  - setuptools>=68.0\n  - wheel\n* Getting build dependencies for sdist...\nrunning egg_info\nwriting pacc.egg-info/PKG-INFO\nwriting dependency_links to pacc.egg-info/dependency_links.txt\nwriting entry points to pacc.egg-info/entry_points.txt\nwriting requirements to pacc.egg-info/requires.txt\nwriting top-level names to pacc.egg-info/top_level.txt\nreading manifest file 'pacc.egg-info/SOURCES.txt'\nreading manifest template 'MANIFEST.in'\nadding license file 'LICENSE'\nwriting manifest file 'pacc.egg-info/SOURCES.txt'\n* Building sdist...\nrunning sdist\nrunning egg_info\nwriting pacc.egg-info/PKG-INFO\nwriting dependency_links to pacc.egg-info/dependency_links.txt\nwriting entry points to pacc.egg-info/entry_points.txt\nwriting requirements to pacc.egg-info/requires.txt\nwriting top-level names to pacc.egg-info/top_level.txt\nreading manifest file 'pacc.egg-info/SOURCES.txt'\nreading manifest template 'MANIFEST.in'\nadding license file 'LICENSE'\nwriting manifest file 'pacc.egg-info/SOURCES.txt'\nrunning check\ncreating pacc-1.0.0\ncreating pacc-1.0.0/pacc\ncreating pacc-1.0.0/pacc.egg-info\ncreating pacc-1.0.0/pacc/core\ncreating pacc-1.0.0/pacc/errors\ncreating pacc-1.0.0/pacc/packaging\ncreating pacc-1.0.0/pacc/performance\ncreating pacc-1.0.0/pacc/recovery\ncreating pacc-1.0.0/pacc/security\ncreating pacc-1.0.0/pacc/selection\ncreating pacc-1.0.0/pacc/sources\ncreating pacc-1.0.0/pacc/ui\ncreating pacc-1.0.0/pacc/validation\ncreating pacc-1.0.0/pacc/validators\ncopying files to pacc-1.0.0...\ncopying LICENSE -> pacc-1.0.0\ncopying MANIFEST.in -> pacc-1.0.0\ncopying README.md -> pacc-1.0.0\ncopying pyproject.toml -> pacc-1.0.0\ncopying pytest.ini -> pacc-1.0.0\ncopying requirements-test.txt -> pacc-1.0.0\ncopying requirements-url.txt -> pacc-1.0.0\ncopying setup.py -> pacc-1.0.0\ncopying pacc/__init__.py -> pacc-1.0.0/pacc\ncopying pacc/__main__.py -> pacc-1.0.0/pacc\ncopying pacc/cli.py -> pacc-1.0.0/pacc\ncopying pacc/py.typed -> pacc-1.0.0/pacc\ncopying pacc.egg-info/PKG-INFO -> pacc-1.0.0/pacc.egg-info\ncopying pacc.egg-info/SOURCES.txt -> pacc-1.0.0/pacc.egg-info\ncopying pacc.egg-info/dependency_links.txt -> pacc-1.0.0/pacc.egg-info\ncopying pacc.egg-info/entry_points.txt -> pacc-1.0.0/pacc.egg-info\ncopying pacc.egg-info/requires.txt -> pacc-1.0.0/pacc.egg-info\ncopying pacc.egg-info/top_level.txt -> pacc-1.0.0/pacc.egg-info\ncopying pacc/core/__init__.py -> pacc-1.0.0/pacc/core\ncopying pacc/core/config_demo.py -> pacc-1.0.0/pacc/core\ncopying pacc/core/config_manager.py -> pacc-1.0.0/pacc/core\ncopying pacc/core/file_utils.py -> pacc-1.0.0/pacc/core\ncopying pacc/core/project_config.py -> pacc-1.0.0/pacc/core\ncopying pacc/core/url_downloader.py -> pacc-1.0.0/pacc/core\ncopying pacc/errors/__init__.py -> pacc-1.0.0/pacc/errors\ncopying pacc/errors/exceptions.py -> pacc-1.0.0/pacc/errors\ncopying pacc/errors/reporting.py -> pacc-1.0.0/pacc/errors\ncopying pacc/packaging/__init__.py -> pacc-1.0.0/pacc/packaging\ncopying pacc/packaging/converters.py -> pacc-1.0.0/pacc/packaging\ncopying pacc/packaging/formats.py -> pacc-1.0.0/pacc/packaging\ncopying pacc/packaging/handlers.py -> pacc-1.0.0/pacc/packaging\ncopying pacc/packaging/metadata.py -> pacc-1.0.0/pacc/packaging\ncopying pacc/performance/__init__.py -> pacc-1.0.0/pacc/performance\ncopying pacc/performance/background_workers.py -> pacc-1.0.0/pacc/performance\ncopying pacc/performance/caching.py -> pacc-1.0.0/pacc/performance\ncopying pacc/performance/lazy_loading.py -> pacc-1.0.0/pacc/performance\ncopying pacc/performance/optimization.py -> pacc-1.0.0/pacc/performance\ncopying pacc/recovery/__init__.py -> pacc-1.0.0/pacc/recovery\ncopying pacc/recovery/diagnostics.py -> pacc-1.0.0/pacc/recovery\ncopying pacc/recovery/retry.py -> pacc-1.0.0/pacc/recovery\ncopying pacc/recovery/strategies.py -> pacc-1.0.0/pacc/recovery\ncopying pacc/recovery/suggestions.py -> pacc-1.0.0/pacc/recovery\ncopying pacc/security/__init__.py -> pacc-1.0.0/pacc/security\ncopying pacc/security/security_measures.py -> pacc-1.0.0/pacc/security\ncopying pacc/selection/__init__.py -> pacc-1.0.0/pacc/selection\ncopying pacc/selection/filters.py -> pacc-1.0.0/pacc/selection\ncopying pacc/selection/persistence.py -> pacc-1.0.0/pacc/selection\ncopying pacc/selection/types.py -> pacc-1.0.0/pacc/selection\ncopying pacc/selection/ui.py -> pacc-1.0.0/pacc/selection\ncopying pacc/selection/workflow.py -> pacc-1.0.0/pacc/selection\ncopying pacc/sources/__init__.py -> pacc-1.0.0/pacc/sources\ncopying pacc/sources/base.py -> pacc-1.0.0/pacc/sources\ncopying pacc/sources/git.py -> pacc-1.0.0/pacc/sources\ncopying pacc/sources/url.py -> pacc-1.0.0/pacc/sources\ncopying pacc/ui/__init__.py -> pacc-1.0.0/pacc/ui\ncopying pacc/ui/components.py -> pacc-1.0.0/pacc/ui\ncopying pacc/validation/__init__.py -> pacc-1.0.0/pacc/validation\ncopying pacc/validation/base.py -> pacc-1.0.0/pacc/validation\ncopying pacc/validation/formats.py -> pacc-1.0.0/pacc/validation\ncopying pacc/validators/__init__.py -> pacc-1.0.0/pacc/validators\ncopying pacc/validators/agents.py -> pacc-1.0.0/pacc/validators\ncopying pacc/validators/base.py -> pacc-1.0.0/pacc/validators\ncopying pacc/validators/commands.py -> pacc-1.0.0/pacc/validators\ncopying pacc/validators/demo.py -> pacc-1.0.0/pacc/validators\ncopying pacc/validators/hooks.py -> pacc-1.0.0/pacc/validators\ncopying pacc/validators/mcp.py -> pacc-1.0.0/pacc/validators\ncopying pacc/validators/test_validators.py -> pacc-1.0.0/pacc/validators\ncopying pacc/validators/utils.py -> pacc-1.0.0/pacc/validators\ncopying pacc.egg-info/SOURCES.txt -> pacc-1.0.0/pacc.egg-info\nWriting pacc-1.0.0/setup.cfg\nCreating tar archive\nremoving 'pacc-1.0.0' (and everything under it)\n* Building wheel from sdist\n* Creating isolated environment: venv+pip...\n* Installing packages in isolated environment:\n  - setuptools>=68.0\n  - wheel\n* Getting build dependencies for wheel...\nrunning egg_info\nwriting pacc.egg-info/PKG-INFO\nwriting dependency_links to pacc.egg-info/dependency_links.txt\nwriting entry points to pacc.egg-info/entry_points.txt\nwriting requirements to pacc.egg-info/requires.txt\nwriting top-level names to pacc.egg-info/top_level.txt\nreading manifest file 'pacc.egg-info/SOURCES.txt'\nreading manifest template 'MANIFEST.in'\nadding license file 'LICENSE'\nwriting manifest file 'pacc.egg-info/SOURCES.txt'\n* Building wheel...\nrunning bdist_wheel\nrunning build\nrunning build_py\ncreating build/lib/pacc\ncopying pacc/__init__.py -> build/lib/pacc\ncopying pacc/cli.py -> build/lib/pacc\ncopying pacc/__main__.py -> build/lib/pacc\ncreating build/lib/pacc/packaging\ncopying pacc/packaging/metadata.py -> build/lib/pacc/packaging\ncopying pacc/packaging/handlers.py -> build/lib/pacc/packaging\ncopying pacc/packaging/__init__.py -> build/lib/pacc/packaging\ncopying pacc/packaging/formats.py -> build/lib/pacc/packaging\ncopying pacc/packaging/converters.py -> build/lib/pacc/packaging\ncreating build/lib/pacc/ui\ncopying pacc/ui/__init__.py -> build/lib/pacc/ui\ncopying pacc/ui/components.py -> build/lib/pacc/ui\ncreating build/lib/pacc/core\ncopying pacc/core/config_manager.py -> build/lib/pacc/core\ncopying pacc/core/config_demo.py -> build/lib/pacc/core\ncopying pacc/core/__init__.py -> build/lib/pacc/core\ncopying pacc/core/project_config.py -> build/lib/pacc/core\ncopying pacc/core/url_downloader.py -> build/lib/pacc/core\ncopying pacc/core/file_utils.py -> build/lib/pacc/core\ncreating build/lib/pacc/security\ncopying pacc/security/__init__.py -> build/lib/pacc/security\ncopying pacc/security/security_measures.py -> build/lib/pacc/security\ncreating build/lib/pacc/recovery\ncopying pacc/recovery/suggestions.py -> build/lib/pacc/recovery\ncopying pacc/recovery/strategies.py -> build/lib/pacc/recovery\ncopying pacc/recovery/diagnostics.py -> build/lib/pacc/recovery\ncopying pacc/recovery/__init__.py -> build/lib/pacc/recovery\ncopying pacc/recovery/retry.py -> build/lib/pacc/recovery\ncreating build/lib/pacc/sources\ncopying pacc/sources/git.py -> build/lib/pacc/sources\ncopying pacc/sources/__init__.py -> build/lib/pacc/sources\ncopying pacc/sources/url.py -> build/lib/pacc/sources\ncopying pacc/sources/base.py -> build/lib/pacc/sources\ncreating build/lib/pacc/selection\ncopying pacc/selection/persistence.py -> build/lib/pacc/selection\ncopying pacc/selection/ui.py -> build/lib/pacc/selection\ncopying pacc/selection/__init__.py -> build/lib/pacc/selection\ncopying pacc/selection/types.py -> build/lib/pacc/selection\ncopying pacc/selection/workflow.py -> build/lib/pacc/selection\ncopying pacc/selection/filters.py -> build/lib/pacc/selection\ncreating build/lib/pacc/validators\ncopying pacc/validators/hooks.py -> build/lib/pacc/validators\ncopying pacc/validators/__init__.py -> build/lib/pacc/validators\ncopying pacc/validators/agents.py -> build/lib/pacc/validators\ncopying pacc/validators/test_validators.py -> build/lib/pacc/validators\ncopying pacc/validators/mcp.py -> build/lib/pacc/validators\ncopying pacc/validators/utils.py -> build/lib/pacc/validators\ncopying pacc/validators/demo.py -> build/lib/pacc/validators\ncopying pacc/validators/commands.py -> build/lib/pacc/validators\ncopying pacc/validators/base.py -> build/lib/pacc/validators\ncreating build/lib/pacc/errors\ncopying pacc/errors/__init__.py -> build/lib/pacc/errors\ncopying pacc/errors/exceptions.py -> build/lib/pacc/errors\ncopying pacc/errors/reporting.py -> build/lib/pacc/errors\ncreating build/lib/pacc/performance\ncopying pacc/performance/background_workers.py -> build/lib/pacc/performance\ncopying pacc/performance/optimization.py -> build/lib/pacc/performance\ncopying pacc/performance/__init__.py -> build/lib/pacc/performance\ncopying pacc/performance/caching.py -> build/lib/pacc/performance\ncopying pacc/performance/lazy_loading.py -> build/lib/pacc/performance\ncreating build/lib/pacc/validation\ncopying pacc/validation/__init__.py -> build/lib/pacc/validation\ncopying pacc/validation/formats.py -> build/lib/pacc/validation\ncopying pacc/validation/base.py -> build/lib/pacc/validation\nrunning egg_info\nwriting pacc.egg-info/PKG-INFO\nwriting dependency_links to pacc.egg-info/dependency_links.txt\nwriting entry points to pacc.egg-info/entry_points.txt\nwriting requirements to pacc.egg-info/requires.txt\nwriting top-level names to pacc.egg-info/top_level.txt\nreading manifest file 'pacc.egg-info/SOURCES.txt'\nreading manifest template 'MANIFEST.in'\nadding license file 'LICENSE'\nwriting manifest file 'pacc.egg-info/SOURCES.txt'\ncopying pacc/py.typed -> build/lib/pacc\ninstalling to build/bdist.macosx-10.15-x86_64/wheel\nrunning install\nrunning install_lib\ncreating build/bdist.macosx-10.15-x86_64/wheel\ncreating build/bdist.macosx-10.15-x86_64/wheel/pacc\ncreating build/bdist.macosx-10.15-x86_64/wheel/pacc/packaging\ncopying build/lib/pacc/packaging/metadata.py -> build/bdist.macosx-10.15-x86_64/wheel/./pacc/packaging\ncopying build/lib/pacc/packaging/handlers.py -> build/bdist.macosx-10.15-x86_64/wheel/./pacc/packaging\ncopying build/lib/pacc/packaging/__init__.py -> build/bdist.macosx-10.15-x86_64/wheel/./pacc/packaging\ncopying build/lib/pacc/packaging/formats.py -> build/bdist.macosx-10.15-x86_64/wheel/./pacc/packaging\ncopying build/lib/pacc/packaging/converters.py -> build/bdist.macosx-10.15-x86_64/wheel/./pacc/packaging\ncreating build/bdist.macosx-10.15-x86_64/wheel/pacc/ui\ncopying build/lib/pacc/ui/__init__.py -> build/bdist.macosx-10.15-x86_64/wheel/./pacc/ui\ncopying build/lib/pacc/ui/components.py -> build/bdist.macosx-10.15-x86_64/wheel/./pacc/ui\ncreating build/bdist.macosx-10.15-x86_64/wheel/pacc/core\ncopying build/lib/pacc/core/config_manager.py -> build/bdist.macosx-10.15-x86_64/wheel/./pacc/core\ncopying build/lib/pacc/core/config_demo.py -> build/bdist.macosx-10.15-x86_64/wheel/./pacc/core\ncopying build/lib/pacc/core/__init__.py -> build/bdist.macosx-10.15-x86_64/wheel/./pacc/core\ncopying build/lib/pacc/core/project_config.py -> build/bdist.macosx-10.15-x86_64/wheel/./pacc/core\ncopying build/lib/pacc/core/url_downloader.py -> build/bdist.macosx-10.15-x86_64/wheel/./pacc/core\ncopying build/lib/pacc/core/file_utils.py -> build/bdist.macosx-10.15-x86_64/wheel/./pacc/core\ncreating build/bdist.macosx-10.15-x86_64/wheel/pacc/security\ncopying build/lib/pacc/security/__init__.py -> build/bdist.macosx-10.15-x86_64/wheel/./pacc/security\ncopying build/lib/pacc/security/security_measures.py -> build/bdist.macosx-10.15-x86_64/wheel/./pacc/security\ncreating build/bdist.macosx-10.15-x86_64/wheel/pacc/recovery\ncopying build/lib/pacc/recovery/suggestions.py -> build/bdist.macosx-10.15-x86_64/wheel/./pacc/recovery\ncopying build/lib/pacc/recovery/strategies.py -> build/bdist.macosx-10.15-x86_64/wheel/./pacc/recovery\ncopying build/lib/pacc/recovery/diagnostics.py -> build/bdist.macosx-10.15-x86_64/wheel/./pacc/recovery\ncopying build/lib/pacc/recovery/__init__.py -> build/bdist.macosx-10.15-x86_64/wheel/./pacc/recovery\ncopying build/lib/pacc/recovery/retry.py -> build/bdist.macosx-10.15-x86_64/wheel/./pacc/recovery\ncopying build/lib/pacc/__init__.py -> build/bdist.macosx-10.15-x86_64/wheel/./pacc\ncopying build/lib/pacc/cli.py -> build/bdist.macosx-10.15-x86_64/wheel/./pacc\ncopying build/lib/pacc/py.typed -> build/bdist.macosx-10.15-x86_64/wheel/./pacc\ncreating build/bdist.macosx-10.15-x86_64/wheel/pacc/sources\ncopying build/lib/pacc/sources/git.py -> build/bdist.macosx-10.15-x86_64/wheel/./pacc/sources\ncopying build/lib/pacc/sources/__init__.py -> build/bdist.macosx-10.15-x86_64/wheel/./pacc/sources\ncopying build/lib/pacc/sources/url.py -> build/bdist.macosx-10.15-x86_64/wheel/./pacc/sources\ncopying build/lib/pacc/sources/base.py -> build/bdist.macosx-10.15-x86_64/wheel/./pacc/sources\ncreating build/bdist.macosx-10.15-x86_64/wheel/pacc/selection\ncopying build/lib/pacc/selection/persistence.py -> build/bdist.macosx-10.15-x86_64/wheel/./pacc/selection\ncopying build/lib/pacc/selection/ui.py -> build/bdist.macosx-10.15-x86_64/wheel/./pacc/selection\ncopying build/lib/pacc/selection/__init__.py -> build/bdist.macosx-10.15-x86_64/wheel/./pacc/selection\ncopying build/lib/pacc/selection/types.py -> build/bdist.macosx-10.15-x86_64/wheel/./pacc/selection\ncopying build/lib/pacc/selection/workflow.py -> build/bdist.macosx-10.15-x86_64/wheel/./pacc/selection\ncopying build/lib/pacc/selection/filters.py -> build/bdist.macosx-10.15-x86_64/wheel/./pacc/selection\ncreating build/bdist.macosx-10.15-x86_64/wheel/pacc/validators\ncopying build/lib/pacc/validators/hooks.py -> build/bdist.macosx-10.15-x86_64/wheel/./pacc/validators\ncopying build/lib/pacc/validators/__init__.py -> build/bdist.macosx-10.15-x86_64/wheel/./pacc/validators\ncopying build/lib/pacc/validators/agents.py -> build/bdist.macosx-10.15-x86_64/wheel/./pacc/validators\ncopying build/lib/pacc/validators/test_validators.py -> build/bdist.macosx-10.15-x86_64/wheel/./pacc/validators\ncopying build/lib/pacc/validators/mcp.py -> build/bdist.macosx-10.15-x86_64/wheel/./pacc/validators\ncopying build/lib/pacc/validators/utils.py -> build/bdist.macosx-10.15-x86_64/wheel/./pacc/validators\ncopying build/lib/pacc/validators/demo.py -> build/bdist.macosx-10.15-x86_64/wheel/./pacc/validators\ncopying build/lib/pacc/validators/commands.py -> build/bdist.macosx-10.15-x86_64/wheel/./pacc/validators\ncopying build/lib/pacc/validators/base.py -> build/bdist.macosx-10.15-x86_64/wheel/./pacc/validators\ncreating build/bdist.macosx-10.15-x86_64/wheel/pacc/errors\ncopying build/lib/pacc/errors/__init__.py -> build/bdist.macosx-10.15-x86_64/wheel/./pacc/errors\ncopying build/lib/pacc/errors/exceptions.py -> build/bdist.macosx-10.15-x86_64/wheel/./pacc/errors\ncopying build/lib/pacc/errors/reporting.py -> build/bdist.macosx-10.15-x86_64/wheel/./pacc/errors\ncreating build/bdist.macosx-10.15-x86_64/wheel/pacc/performance\ncopying build/lib/pacc/performance/background_workers.py -> build/bdist.macosx-10.15-x86_64/wheel/./pacc/performance\ncopying build/lib/pacc/performance/optimization.py -> build/bdist.macosx-10.15-x86_64/wheel/./pacc/performance\ncopying build/lib/pacc/performance/__init__.py -> build/bdist.macosx-10.15-x86_64/wheel/./pacc/performance\ncopying build/lib/pacc/performance/caching.py -> build/bdist.macosx-10.15-x86_64/wheel/./pacc/performance\ncopying build/lib/pacc/performance/lazy_loading.py -> build/bdist.macosx-10.15-x86_64/wheel/./pacc/performance\ncopying build/lib/pacc/__main__.py -> build/bdist.macosx-10.15-x86_64/wheel/./pacc\ncreating build/bdist.macosx-10.15-x86_64/wheel/pacc/validation\ncopying build/lib/pacc/validation/__init__.py -> build/bdist.macosx-10.15-x86_64/wheel/./pacc/validation\ncopying build/lib/pacc/validation/formats.py -> build/bdist.macosx-10.15-x86_64/wheel/./pacc/validation\ncopying build/lib/pacc/validation/base.py -> build/bdist.macosx-10.15-x86_64/wheel/./pacc/validation\nrunning install_egg_info\nCopying pacc.egg-info to build/bdist.macosx-10.15-x86_64/wheel/./pacc-1.0.0-py3.13.egg-info\nrunning install_scripts\ncreating build/bdist.macosx-10.15-x86_64/wheel/pacc-1.0.0.dist-info/WHEEL\ncreating '/Users/m/ai-workspace/pacc/pacc-dev/apps/pacc-cli/dist/.tmp-vhgog6j0/pacc-1.0.0-py3-none-any.whl' and adding 'build/bdist.macosx-10.15-x86_64/wheel' to it\nadding 'pacc/__init__.py'\nadding 'pacc/__main__.py'\nadding 'pacc/cli.py'\nadding 'pacc/py.typed'\nadding 'pacc/core/__init__.py'\nadding 'pacc/core/config_demo.py'\nadding 'pacc/core/config_manager.py'\nadding 'pacc/core/file_utils.py'\nadding 'pacc/core/project_config.py'\nadding 'pacc/core/url_downloader.py'\nadding 'pacc/errors/__init__.py'\nadding 'pacc/errors/exceptions.py'\nadding 'pacc/errors/reporting.py'\nadding 'pacc/packaging/__init__.py'\nadding 'pacc/packaging/converters.py'\nadding 'pacc/packaging/formats.py'\nadding 'pacc/packaging/handlers.py'\nadding 'pacc/packaging/metadata.py'\nadding 'pacc/performance/__init__.py'\nadding 'pacc/performance/background_workers.py'\nadding 'pacc/performance/caching.py'\nadding 'pacc/performance/lazy_loading.py'\nadding 'pacc/performance/optimization.py'\nadding 'pacc/recovery/__init__.py'\nadding 'pacc/recovery/diagnostics.py'\nadding 'pacc/recovery/retry.py'\nadding 'pacc/recovery/strategies.py'\nadding 'pacc/recovery/suggestions.py'\nadding 'pacc/security/__init__.py'\nadding 'pacc/security/security_measures.py'\nadding 'pacc/selection/__init__.py'\nadding 'pacc/selection/filters.py'\nadding 'pacc/selection/persistence.py'\nadding 'pacc/selection/types.py'\nadding 'pacc/selection/ui.py'\nadding 'pacc/selection/workflow.py'\nadding 'pacc/sources/__init__.py'\nadding 'pacc/sources/base.py'\nadding 'pacc/sources/git.py'\nadding 'pacc/sources/url.py'\nadding 'pacc/ui/__init__.py'\nadding 'pacc/ui/components.py'\nadding 'pacc/validation/__init__.py'\nadding 'pacc/validation/base.py'\nadding 'pacc/validation/formats.py'\nadding 'pacc/validators/__init__.py'\nadding 'pacc/validators/agents.py'\nadding 'pacc/validators/base.py'\nadding 'pacc/validators/commands.py'\nadding 'pacc/validators/demo.py'\nadding 'pacc/validators/hooks.py'\nadding 'pacc/validators/mcp.py'\nadding 'pacc/validators/test_validators.py'\nadding 'pacc/validators/utils.py'\nadding 'pacc-1.0.0.dist-info/licenses/LICENSE'\nadding 'pacc-1.0.0.dist-info/METADATA'\nadding 'pacc-1.0.0.dist-info/WHEEL'\nadding 'pacc-1.0.0.dist-info/entry_points.txt'\nadding 'pacc-1.0.0.dist-info/top_level.txt'\nadding 'pacc-1.0.0.dist-info/RECORD'\nremoving build/bdist.macosx-10.15-x86_64/wheel\nSuccessfully built pacc-1.0.0.tar.gz and pacc-1.0.0-py3-none-any.whl\n",
    "build_stderr": "/private/var/folders/_h/hhftwny95zlbt3ggmcpg2hrw0000gp/T/build-env-b1t5v7jk/lib/python3.13/site-packages/setuptools/config/_apply_pyprojecttoml.py:82: SetuptoolsDeprecationWarning: `project.license` as a TOML table is deprecated\n!!\n\n        ********************************************************************************\n        Please use a simple string containing a SPDX expression for `project.license`. You can also use `project.license-files`. (Both options available on setuptools>=77.0.0).\n\n        By 2026-Feb-18, you need to update your project and remove deprecated calls\n        or your builds will no longer be supported.\n\n        See https://packaging.python.org/en/latest/guides/writing-pyproject-toml/#license for details.\n        ********************************************************************************\n\n!!\n  corresp(dist, value, root_dir)\n/private/var/folders/_h/hhftwny95zlbt3ggmcpg2hrw0000gp/T/build-env-b1t5v7jk/lib/python3.13/site-packages/setuptools/config/_apply_pyprojecttoml.py:61: SetuptoolsDeprecationWarning: License classifiers are deprecated.\n!!\n\n        ********************************************************************************\n        Please consider removing the following classifiers in favor of a SPDX license expression:\n\n        License :: OSI Approved :: MIT License\n\n        See https://packaging.python.org/en/latest/guides/writing-pyproject-toml/#license for details.\n        ********************************************************************************\n\n!!\n  dist._finalize_license_expression()\n/private/var/folders/_h/hhftwny95zlbt3ggmcpg2hrw0000gp/T/build-env-b1t5v7jk/lib/python3.13/site-packages/setuptools/dist.py:759: SetuptoolsDeprecationWarning: License classifiers are deprecated.\n!!\n\n        ********************************************************************************\n        Please consider removing the following classifiers in favor of a SPDX license expression:\n\n        License :: OSI Approved :: MIT License\n\n        See https://packaging.python.org/en/latest/guides/writing-pyproject-toml/#license for details.\n        ********************************************************************************\n\n!!\n  self._finalize_license_expression()\nwarning: no previously-included files found matching 'tmp'\nwarning: no previously-included files matching '*' found under directory 'tmp'\nwarning: no previously-included files matching '*' found under directory 'docs'\nwarning: no previously-included files matching '*' found under directory 'examples'\nwarning: no previously-included files matching '*' found under directory 'security'\nwarning: no previously-included files matching '__pycache__' found anywhere in distribution\nwarning: no previously-included files matching '*.py[co]' found anywhere in distribution\nwarning: no previously-included files matching '.DS_Store' found anywhere in distribution\nwarning: no previously-included files matching '.coverage' found anywhere in distribution\nwarning: no previously-included files matching '.pytest_cache' found anywhere in distribution\n/private/var/folders/_h/hhftwny95zlbt3ggmcpg2hrw0000gp/T/build-env-b1t5v7jk/lib/python3.13/site-packages/setuptools/config/_apply_pyprojecttoml.py:82: SetuptoolsDeprecationWarning: `project.license` as a TOML table is deprecated\n!!\n\n        ********************************************************************************\n        Please use a simple string containing a SPDX expression for `project.license`. You can also use `project.license-files`. (Both options available on setuptools>=77.0.0).\n\n        By 2026-Feb-18, you need to update your project and remove deprecated calls\n        or your builds will no longer be supported.\n\n        See https://packaging.python.org/en/latest/guides/writing-pyproject-toml/#license for details.\n        ********************************************************************************\n\n!!\n  corresp(dist, value, root_dir)\n/private/var/folders/_h/hhftwny95zlbt3ggmcpg2hrw0000gp/T/build-env-b1t5v7jk/lib/python3.13/site-packages/setuptools/config/_apply_pyprojecttoml.py:61: SetuptoolsDeprecationWarning: License classifiers are deprecated.\n!!\n\n        ********************************************************************************\n        Please consider removing the following classifiers in favor of a SPDX license expression:\n\n        License :: OSI Approved :: MIT License\n\n        See https://packaging.python.org/en/latest/guides/writing-pyproject-toml/#license for details.\n        ********************************************************************************\n\n!!\n  dist._finalize_license_expression()\n/private/var/folders/_h/hhftwny95zlbt3ggmcpg2hrw0000gp/T/build-env-b1t5v7jk/lib/python3.13/site-packages/setuptools/dist.py:759: SetuptoolsDeprecationWarning: License classifiers are deprecated.\n!!\n\n        ********************************************************************************\n        Please consider removing the following classifiers in favor of a SPDX license expression:\n\n        License :: OSI Approved :: MIT License\n\n        See https://packaging.python.org/en/latest/guides/writing-pyproject-toml/#license for details.\n        ********************************************************************************\n\n!!\n  self._finalize_license_expression()\nwarning: no previously-included files found matching 'tmp'\nwarning: no previously-included files matching '*' found under directory 'tmp'\nwarning: no previously-included files matching '*' found under directory 'docs'\nwarning: no previously-included files matching '*' found under directory 'examples'\nwarning: no previously-included files matching '*' found under directory 'security'\nwarning: no previously-included files matching '__pycache__' found anywhere in distribution\nwarning: no previously-included files matching '*.py[co]' found anywhere in distribution\nwarning: no previously-included files matching '.DS_Store' found anywhere in distribution\nwarning: no previously-included files matching '.coverage' found anywhere in distribution\nwarning: no previously-included files matching '.pytest_cache' found anywhere in distribution\n/private/var/folders/_h/hhftwny95zlbt3ggmcpg2hrw0000gp/T/build-env-7caqm4ce/lib/python3.13/site-packages/setuptools/config/_apply_pyprojecttoml.py:82: SetuptoolsDeprecationWarning: `project.license` as a TOML table is deprecated\n!!\n\n        ********************************************************************************\n        Please use a simple string containing a SPDX expression for `project.license`. You can also use `project.license-files`. (Both options available on setuptools>=77.0.0).\n\n        By 2026-Feb-18, you need to update your project and remove deprecated calls\n        or your builds will no longer be supported.\n\n        See https://packaging.python.org/en/latest/guides/writing-pyproject-toml/#license for details.\n        ********************************************************************************\n\n!!\n  corresp(dist, value, root_dir)\n/private/var/folders/_h/hhftwny95zlbt3ggmcpg2hrw0000gp/T/build-env-7caqm4ce/lib/python3.13/site-packages/setuptools/config/_apply_pyprojecttoml.py:61: SetuptoolsDeprecationWarning: License classifiers are deprecated.\n!!\n\n        ********************************************************************************\n        Please consider removing the following classifiers in favor of a SPDX license expression:\n\n        License :: OSI Approved :: MIT License\n\n        See https://packaging.python.org/en/latest/guides/writing-pyproject-toml/#license for details.\n        ********************************************************************************\n\n!!\n  dist._finalize_license_expression()\n/private/var/folders/_h/hhftwny95zlbt3ggmcpg2hrw0000gp/T/build-env-7caqm4ce/lib/python3.13/site-packages/setuptools/dist.py:759: SetuptoolsDeprecationWarning: License classifiers are deprecated.\n!!\n\n        ********************************************************************************\n        Please consider removing the following classifiers in favor of a SPDX license expression:\n\n        License :: OSI Approved :: MIT License\n\n        See https://packaging.python.org/en/latest/guides/writing-pyproject-toml/#license for details.\n        ********************************************************************************\n\n!!\n  self._finalize_license_expression()\nwarning: no previously-included files found matching 'tmp'\nwarning: no previously-included files matching '*' found under directory 'tmp'\nwarning: no previously-included files matching '*' found under directory 'tests'\nwarning: no previously-included files matching '*' found under directory 'docs'\nwarning: no previously-included files matching '*' found under directory 'examples'\nwarning: no previously-included files matching '*' found under directory 'security'\nwarning: no previously-included files matching '__pycache__' found anywhere in distribution\nwarning: no previously-included files matching '*.py[co]' found anywhere in distribution\nwarning: no previously-included files matching '.DS_Store' found anywhere in distribution\nwarning: no previously-included files matching '.coverage' found anywhere in distribution\nwarning: no previously-included files matching '.pytest_cache' found anywhere in distribution\n/private/var/folders/_h/hhftwny95zlbt3ggmcpg2hrw0000gp/T/build-env-7caqm4ce/lib/python3.13/site-packages/setuptools/config/_apply_pyprojecttoml.py:82: SetuptoolsDeprecationWarning: `project.license` as a TOML table is deprecated\n!!\n\n        ********************************************************************************\n        Please use a simple string containing a SPDX expression for `project.license`. You can also use `project.license-files`. (Both options available on setuptools>=77.0.0).\n\n        By 2026-Feb-18, you need to update your project and remove deprecated calls\n        or your builds will no longer be supported.\n\n        See https://packaging.python.org/en/latest/guides/writing-pyproject-toml/#license for details.\n        ********************************************************************************\n\n!!\n  corresp(dist, value, root_dir)\n/private/var/folders/_h/hhftwny95zlbt3ggmcpg2hrw0000gp/T/build-env-7caqm4ce/lib/python3.13/site-packages/setuptools/config/_apply_pyprojecttoml.py:61: SetuptoolsDeprecationWarning: License classifiers are deprecated.\n!!\n\n        ********************************************************************************\n        Please consider removing the following classifiers in favor of a SPDX license expression:\n\n        License :: OSI Approved :: MIT License\n\n        See https://packaging.python.org/en/latest/guides/writing-pyproject-toml/#license for details.\n        ********************************************************************************\n\n!!\n  dist._finalize_license_expression()\n/private/var/folders/_h/hhftwny95zlbt3ggmcpg2hrw0000gp/T/build-env-7caqm4ce/lib/python3.13/site-packages/setuptools/dist.py:759: SetuptoolsDeprecationWarning: License classifiers are deprecated.\n!!\n\n        ********************************************************************************\n        Please consider removing the following classifiers in favor of a SPDX license expression:\n\n        License :: OSI Approved :: MIT License\n\n        See https://packaging.python.org/en/latest/guides/writing-pyproject-toml/#license for details.\n        ********************************************************************************\n\n!!\n  self._finalize_license_expression()\nwarning: no previously-included files found matching 'tmp'\nwarning: no previously-included files matching '*' found under directory 'tmp'\nwarning: no previously-included files matching '*' found under directory 'tests'\nwarning: no previously-included files matching '*' found under directory 'docs'\nwarning: no previously-included files matching '*' found under directory 'examples'\nwarning: no previously-included files matching '*' found under directory 'security'\nwarning: no previously-included files matching '__pycache__' found anywhere in distribution\nwarning: no previously-included files matching '*.py[co]' found anywhere in distribution\nwarning: no previously-included files matching '.DS_Store' found anywhere in distribution\nwarning: no previously-included files matching '.coverage' found anywhere in distribution\nwarning: no previously-included files matching '.pytest_cache' found anywhere in distribution\n",
    "wheel_created": true,
    "sdist_created": true
  }
}